f:\c++\openglfinalwork\debug\vc142.pdb
f:\c++\openglfinalwork\debug\vc142.idb
f:\c++\openglfinalwork\debug\square.obj
f:\c++\openglfinalwork\debug\piece.obj
f:\c++\openglfinalwork\debug\move.obj
f:\c++\openglfinalwork\debug\model.obj
f:\c++\openglfinalwork\debug\winmain.obj
f:\c++\openglfinalwork\debug\gamestatus.obj
f:\c++\openglfinalwork\debug\gameplay.obj
f:\c++\openglfinalwork\debug\game.obj
f:\c++\openglfinalwork\debug\board.obj
f:\c++\openglfinalwork\debug\openglfinalwork.exe
f:\c++\openglfinalwork\debug\openglfinalwork.ilk
f:\c++\openglfinalwork\debug\openglfinalwork.pdb
f:\c++\openglfinalwork\debug\openglfinalwork.tlog\cl.command.1.tlog
f:\c++\openglfinalwork\debug\openglfinalwork.tlog\cl.read.1.tlog
f:\c++\openglfinalwork\debug\openglfinalwork.tlog\cl.write.1.tlog
f:\c++\openglfinalwork\debug\openglfinalwork.tlog\link.command.1.tlog
f:\c++\openglfinalwork\debug\openglfinalwork.tlog\link.read.1.tlog
f:\c++\openglfinalwork\debug\openglfinalwork.tlog\link.write.1.tlog
